[17:21:53] [main/INFO]: Loading Minecraft 1.20 with Fabric Loader 0.14.21
[17:21:53] [main/INFO]: Loading 7 mods:
	- carpet 1.4.112+v230608
	- fabricloader 0.14.21
	- fatxporbs 2.0.1
	- java 17
	- lithium 0.11.2
	- minecraft 1.20
	- starlight 1.1.2+fabric.dbc156f
[17:21:53] [main/INFO]: SpongePowered MIXIN Subsystem Version=0.8.5 Source=file:/workspaces/Minecraft_Server_20230612/libraries/net/fabricmc/sponge-mixin/0.12.5+mixin.0.8.5/sponge-mixin-0.12.5+mixin.0.8.5.jar Service=Knot/Fabric Env=SERVER
[17:21:53] [main/INFO]: Compatibility level set to JAVA_17
[17:21:53] [main/INFO]: Loaded configuration file for Lithium: 115 options available, 0 override(s) found
[17:22:02] [main/INFO]: Environment: authHost='https://authserver.mojang.com', accountsHost='https://api.mojang.com', sessionHost='https://sessionserver.mojang.com', servicesHost='https://api.minecraftservices.com', name='PROD'
[17:22:04] [main/INFO]: Loaded 7 recipes
[17:22:05] [main/INFO]: Loaded 1271 advancements
[17:22:05] [Server thread/INFO]: Starting minecraft server version 1.20
[17:22:05] [Server thread/INFO]: Loading properties
[17:22:05] [Server thread/INFO]: Default game type: SURVIVAL
[17:22:05] [Server thread/INFO]: Generating keypair
[17:22:05] [Server thread/INFO]: Starting Minecraft server on *:25565
[17:22:05] [Server thread/INFO]: Using epoll channel type
[17:22:05] [Server thread/INFO]: Preparing level "world"
[17:22:09] [Server thread/INFO]: Preparing start region for dimension minecraft:overworld
[17:22:12] [Worker-Main-2/INFO]: Preparing spawn area: 0%
[17:22:12] [Worker-Main-2/INFO]: Preparing spawn area: 0%
[17:22:12] [Worker-Main-3/INFO]: Preparing spawn area: 0%
[17:22:12] [Worker-Main-3/INFO]: Preparing spawn area: 0%
[17:22:12] [Worker-Main-2/INFO]: Preparing spawn area: 0%
[17:22:12] [Worker-Main-3/INFO]: Preparing spawn area: 0%
[17:22:12] [Worker-Main-2/INFO]: Preparing spawn area: 0%
[17:22:12] [Worker-Main-1/INFO]: Preparing spawn area: 0%
[17:22:13] [Worker-Main-3/INFO]: Preparing spawn area: 0%
[17:22:13] [Worker-Main-1/INFO]: Preparing spawn area: 3%
[17:22:14] [Worker-Main-2/INFO]: Preparing spawn area: 10%
[17:22:14] [Worker-Main-3/INFO]: Preparing spawn area: 26%
[17:22:15] [Worker-Main-3/INFO]: Preparing spawn area: 72%
[17:22:15] [Server thread/INFO]: Time elapsed: 6270 ms
[17:22:15] [Server thread/INFO]: Done (9.820s)! For help, type "help"
[17:23:40] [User Authenticator #1/INFO]: UUID of player weitsungyu is 3cf5f1a5-0fb5-4ed6-bca0-539907f92da8
[17:23:40] [Server thread/INFO]: weitsungyu[/127.0.0.1:37530] logged in with entity id 100 at (56.314864416794165, 112.0, -547.2415742811961)
[17:23:40] [Server thread/INFO]: weitsungyu joined the game
[17:24:21] [User Authenticator #2/INFO]: UUID of player JOBstear is 553ecaeb-bdf4-4ca8-9eaf-3cde433eaab4
[17:24:21] [Server thread/INFO]: JOBstear[/[0:0:0:0:0:0:0:1%0]:44522] logged in with entity id 384 at (-279.4461526452901, 109.0, -313.73182255564143)
[17:24:21] [Server thread/INFO]: JOBstear joined the game
[17:26:51] [Server thread/INFO]: [JOBstear: Teleported JOBstear to weitsungyu]
[17:26:55] [Server thread/INFO]: [JOBstear: Set own game mode to Creative Mode]
[17:26:56] [Server thread/INFO]: [JOBstear: Set own game mode to Survival Mode]
[17:30:43] [Server thread/INFO]: JOBstear has made the advancement [Acquire Hardware]
[17:31:00] [Server thread/INFO]: [weitsungyu: Set own game mode to Spectator Mode]
[17:31:10] [Server thread/INFO]: [weitsungyu: Set own game mode to Survival Mode]
[17:32:43] [Server thread/INFO]: JOBstear has made the advancement [A Seedy Place]
[17:36:31] [User Authenticator #3/INFO]: UUID of player Kong_Yin is b7afebd3-3094-411d-af24-6f9344ba4f10
[17:36:31] [Server thread/INFO]: Kong_Yin[/[0:0:0:0:0:0:0:1%0]:42756] logged in with entity id 3293 at (-174.33198240886892, 70.0, -351.39196302265077)
[17:36:31] [Server thread/INFO]: Kong_Yin joined the game
[17:36:45] [Server thread/INFO]: [Kong_Yin: Set own game mode to Survival Mode]
[17:38:00] [Server thread/INFO]: [JOBstear: Set the time to 13000]
[17:38:18] [Server thread/INFO]: JOBstear has made the advancement [Not Today, Thank You]
[17:39:19] [Server thread/INFO]: JOBstear was shot by Skeleton
[17:40:34] [Server thread/INFO]: Kong_Yin was shot by Skeleton
[17:41:08] [Server thread/INFO]: [weitsungyu: Set own game mode to Spectator Mode]
[17:41:19] [Server thread/INFO]: [weitsungyu: Set own game mode to Survival Mode]
[17:41:19] [Server thread/INFO]: JOBstear was shot by Skeleton
[17:41:48] [Server thread/INFO]: [weitsungyu: Teleported weitsungyu to JOBstear]
[17:41:51] [Server thread/INFO]: [weitsungyu: Teleported weitsungyu to Kong_Yin]
[17:41:52] [Server thread/INFO]: weitsungyu was shot by Skeleton
[17:41:54] [Server thread/INFO]: Kong_Yin was shot by Skeleton
[17:44:08] [Server thread/INFO]: [weitsungyu: Applied effect Glowing to 13 targets]
[17:44:20] [Server thread/INFO]: [weitsungyu: Removed every effect from 586 targets]
[17:45:35] [Server thread/INFO]: [Kong_Yin: Set own game mode to Spectator Mode]
[17:45:43] [Server thread/INFO]: [weitsungyu: Teleported weitsungyu to Kong_Yin]
[17:45:50] [Server thread/INFO]: [Kong_Yin: Set own game mode to Survival Mode]
[17:46:48] [Server thread/INFO]: Kong_Yin has made the advancement [The Cutest Predator]
[17:48:50] [Server thread/INFO]: fff[local] logged in with entity id 10995 at (-149.24283955389777, 63.0, -226.7675024077011)
[17:48:50] [Server thread/INFO]: fff joined the game
[17:48:55] [Server thread/INFO]: [JOBstear: Teleported JOBstear to weitsungyu]
[17:49:13] [Server thread/INFO]: [JOBstear: Teleported JOBstear to Kong_Yin]
[17:49:24] [Server thread/INFO]: [JOBstear: Teleported JOBstear to fff]
[17:51:15] [Server thread/INFO]: [Kong_Yin: Teleported Kong_Yin to weitsungyu]
[17:51:53] [Server thread/INFO]: weitsungyu has made the advancement [Not Today, Thank You]
[17:51:57] [Server thread/INFO]: Kong_Yin was shot by Skeleton
[17:52:03] [Server thread/INFO]: [Kong_Yin: Teleported Kong_Yin to weitsungyu]
[17:52:34] [Server thread/INFO]: weitsungyu has made the advancement [Diamonds!]
[17:53:08] [Server thread/INFO]: [weitsungyu: Applied effect Night Vision to weitsungyu]
[17:55:27] [Server thread/INFO]: weitsungyu was shot by Skeleton
[17:55:30] [Server thread/INFO]: [weitsungyu: Teleported weitsungyu to JOBstear]
[17:55:32] [Server thread/INFO]: [weitsungyu: Teleported weitsungyu to Kong_Yin]
[17:55:35] [Server thread/INFO]: Kong_Yin was shot by Skeleton
[17:55:38] [Server thread/INFO]: [weitsungyu: Set own game mode to Spectator Mode]
[17:55:40] [Server thread/INFO]: [Kong_Yin: Teleported Kong_Yin to weitsungyu]
[17:55:41] [Server thread/INFO]: [weitsungyu: Applied effect Night Vision to weitsungyu]
[17:55:42] [Server thread/INFO]: [weitsungyu: Set own game mode to Survival Mode]
[17:58:47] [Server thread/INFO]: Ganxd[local] logged in with entity id 15676 at (-174.8414438631825, 70.0, -351.6747150986167)
[17:58:47] [Server thread/INFO]: Ganxd joined the game
[17:58:50] [Server thread/INFO]: [weitsungyu: Set own game mode to Spectator Mode]
[17:59:00] [Server thread/INFO]: [weitsungyu: Set own game mode to Survival Mode]
[17:59:05] [Server thread/INFO]: [JOBstear: Teleported JOBstear to weitsungyu]
[17:59:24] [Server thread/INFO]: [JOBstear: Applied effect Night Vision to JOBstear]
[18:00:22] [Server thread/INFO]: [weitsungyu: Set own game mode to Spectator Mode]
[18:00:49] [Server thread/INFO]: [weitsungyu: Set own game mode to Survival Mode]
[18:03:47] [Server thread/INFO]: [weitsungyu: Set own game mode to Spectator Mode]
[18:03:59] [Server thread/INFO]: [JOBstear: Set own game mode to Creative Mode]
[18:04:00] [Server thread/INFO]: [JOBstear: Set own game mode to Survival Mode]
[18:04:10] [Server thread/INFO]: [weitsungyu: Set own game mode to Survival Mode]
[18:05:07] [Server thread/INFO]: [weitsungyu: Set own game mode to Spectator Mode]
[18:05:15] [Server thread/INFO]: [weitsungyu: Set own game mode to Survival Mode]
[18:06:50] [Server thread/INFO]: [JOBstear: Set own game mode to Spectator Mode]
[18:06:51] [Server thread/INFO]: [weitsungyu: Set own game mode to Spectator Mode]
[18:07:13] [Server thread/INFO]: [weitsungyu: Set own game mode to Survival Mode]
[18:07:28] [Server thread/INFO]: [JOBstear: Set own game mode to Survival Mode]
[18:10:56] [Server thread/INFO]: [Kong_Yin: Teleported Kong_Yin to weitsungyu]
[18:11:21] [Server thread/INFO]: Villager class_1646['Villager'/3, l='ServerLevel[world]', x=-197.70, y=52.00, z=-338.34] died, message: 'Villager was slain by Zombie'
[18:11:30] [Server thread/INFO]: Villager class_1646['Villager'/1, l='ServerLevel[world]', x=-196.51, y=52.00, z=-338.18] died, message: 'Villager was slain by Zombie Villager'
[18:14:30] [Server thread/INFO]: fff was slain by Spider
[18:14:30] [Server thread/INFO]: fff lost connection: fff died
[18:14:30] [Server thread/INFO]: fff left the game
[18:15:24] [Server thread/INFO]: [Kong_Yin: Set own game mode to Spectator Mode]
[18:15:33] [Server thread/INFO]: [Kong_Yin: Set own game mode to Survival Mode]
[18:17:20] [Server thread/INFO]: [Kong_Yin: Set own game mode to Spectator Mode]
[18:17:35] [Server thread/INFO]: [Kong_Yin: Set own game mode to Survival Mode]
[18:18:20] [Server thread/INFO]: [Kong_Yin: Teleported Kong_Yin to weitsungyu]
[18:18:23] [Server thread/INFO]: [JOBstear: Teleported JOBstear to weitsungyu]
[18:19:02] [Server thread/INFO]: [JOBstear: Teleported JOBstear to Ganxd]
[18:19:35] [Server thread/INFO]: [JOBstear: Teleported JOBstear to weitsungyu]
[18:22:52] [Server thread/INFO]: [Kong_Yin: Set own game mode to Spectator Mode]
[18:23:05] [Server thread/INFO]: [Kong_Yin: Set own game mode to Survival Mode]
[18:23:52] [Server thread/INFO]: [Kong_Yin: Set own game mode to Spectator Mode]
[18:23:56] [Server thread/WARN]: Can't keep up! Is the server overloaded? Running 2395ms or 47 ticks behind
[18:24:06] [Server thread/INFO]: Kong_Yin has made the advancement [We Need to Go Deeper]
[18:24:06] [Server thread/INFO]: [Kong_Yin: Teleported Kong_Yin to weitsungyu]
[18:24:17] [Server thread/INFO]: [Kong_Yin: Teleported Kong_Yin to JOBstear]
[18:24:22] [Server thread/INFO]: [Kong_Yin: Set own game mode to Creative Mode]
[18:24:24] [Server thread/INFO]: [Kong_Yin: Set own game mode to Survival Mode]
[18:25:26] [Server thread/INFO]: [Kong_Yin: Teleported Kong_Yin to weitsungyu]
[18:26:05] [Server thread/INFO]: weitsungyu was shot by Skeleton
[18:26:09] [Server thread/INFO]: [weitsungyu: Teleported weitsungyu to JOBstear]
[18:26:11] [Server thread/INFO]: [weitsungyu: Teleported weitsungyu to Kong_Yin]
[18:26:18] [Server thread/INFO]: [weitsungyu: Applied effect Night Vision to weitsungyu]
[18:27:02] [Server thread/INFO]: [weitsungyu: Set own game mode to Spectator Mode]
[18:27:04] [Server thread/INFO]: [weitsungyu: Set own game mode to Survival Mode]
[18:27:21] [Server thread/INFO]: JOBstear was shot by Skeleton
[18:27:34] [Server thread/INFO]: [JOBstear: Applied effect Night Vision to JOBstear]
[18:30:37] [Server thread/INFO]: [JOBstear: Teleported JOBstear to weitsungyu]
[18:35:51] [Server thread/INFO]: [JOBstear: Set own game mode to Creative Mode]
[18:35:53] [Server thread/INFO]: [JOBstear: Set own game mode to Survival Mode]
[18:37:44] [Server thread/INFO]: [JOBstear: Teleported JOBstear to weitsungyu]
[18:37:46] [Server thread/INFO]: JOBstear was shot by Skeleton
[18:37:50] [Server thread/INFO]: weitsungyu was shot by Skeleton
[18:37:52] [Server thread/INFO]: [JOBstear: Teleported JOBstear to weitsungyu]
[18:37:54] [Server thread/INFO]: [weitsungyu: Teleported weitsungyu to JOBstear]
[18:37:58] [Server thread/INFO]: [JOBstear: Teleported JOBstear to Kong_Yin]
[18:37:58] [Server thread/INFO]: [weitsungyu: Teleported weitsungyu to Kong_Yin]
[18:38:01] [Server thread/INFO]: [JOBstear: Set own game mode to Spectator Mode]
[18:38:01] [Server thread/INFO]: [weitsungyu: Applied effect Night Vision to weitsungyu]
[18:38:02] [Server thread/INFO]: [weitsungyu: Set own game mode to Spectator Mode]
[18:38:03] [Server thread/INFO]: Kong_Yin was shot by Skeleton
[18:38:08] [Server thread/INFO]: [weitsungyu: Set own game mode to Survival Mode]
[18:38:09] [Server thread/INFO]: [Kong_Yin: Teleported Kong_Yin to weitsungyu]
[18:38:17] [Server thread/INFO]: [JOBstear: Applied effect Night Vision to JOBstear]
[18:38:19] [Server thread/INFO]: [JOBstear: Set own game mode to Survival Mode]
[18:39:25] [Server thread/INFO]: [weitsungyu: Set own game mode to Spectator Mode]
[18:39:36] [Server thread/INFO]: [weitsungyu: Set own game mode to Survival Mode]
[18:39:59] [Server thread/INFO]: [JOBstear: Set own game mode to Spectator Mode]
[18:40:03] [Server thread/INFO]: [JOBstear: Set own game mode to Survival Mode]
[18:40:57] [Server thread/INFO]: [JOBstear: Set own game mode to Spectator Mode]
[18:41:04] [Server thread/INFO]: [JOBstear: Set own game mode to Survival Mode]
[18:41:07] [Server thread/INFO]: [Kong_Yin: Set own game mode to Spectator Mode]
[18:41:10] [Server thread/INFO]: weitsungyu was blown up by Creeper
[18:41:11] [Server thread/INFO]: [Kong_Yin: Set own game mode to Survival Mode]
[18:41:14] [Server thread/INFO]: [weitsungyu: Teleported weitsungyu to JOBstear]
[18:41:17] [Server thread/INFO]: [weitsungyu: Applied effect Night Vision to weitsungyu]
[18:42:33] [Server thread/INFO]: [weitsungyu: Set own game mode to Spectator Mode]
[18:42:36] [Server thread/INFO]: [weitsungyu: Teleported weitsungyu to JOBstear]
[18:42:40] [Server thread/INFO]: [weitsungyu: Set own game mode to Survival Mode]
[18:43:12] [Server thread/INFO]: weitsungyu fell from a high place
[18:43:13] [Server thread/INFO]: JOBstear was blown up by Creeper
[18:43:16] [Server thread/INFO]: [weitsungyu: Teleported weitsungyu to JOBstear]
[18:43:18] [Server thread/INFO]: weitsungyu was blown up by Creeper
[18:43:24] [Server thread/INFO]: [weitsungyu: Teleported weitsungyu to JOBstear]
[18:43:25] [Server thread/INFO]: [weitsungyu: Applied effect Night Vision to weitsungyu]
[18:43:29] [Server thread/INFO]: [JOBstear: Teleported JOBstear to Kong_Yin]
[18:43:30] [Server thread/INFO]: [weitsungyu: Teleported weitsungyu to Kong_Yin]
[18:43:33] [Server thread/INFO]: [JOBstear: Set own game mode to Creative Mode]
[18:43:34] [Server thread/INFO]: [weitsungyu: Set own game mode to Spectator Mode]
[18:43:38] [Server thread/INFO]: [weitsungyu: Set own game mode to Survival Mode]
[18:43:47] [Server thread/INFO]: [JOBstear: Applied effect Night Vision to JOBstear]
[18:43:55] [Server thread/INFO]: [JOBstear: Set own game mode to Creative Mode]
[18:43:56] [Server thread/INFO]: [JOBstear: Set own game mode to Survival Mode]
[18:45:27] [Server thread/INFO]: [JOBstear: Teleported JOBstear to Ganxd]
[18:45:29] [Server thread/INFO]: [Kong_Yin: Teleported Kong_Yin to Ganxd]
[18:45:29] [Server thread/INFO]: [weitsungyu: Teleported weitsungyu to Ganxd]
[18:46:59] [Server thread/INFO]: [Kong_Yin: Teleported Cat to Kong_Yin]
[18:47:17] [Server thread/INFO]: Ganxd lost connection: Killed
[18:47:17] [Server thread/INFO]: Ganxd left the game
[18:47:38] [Server thread/INFO]: JOBstear lost connection: Disconnected
[18:47:38] [Server thread/INFO]: JOBstear left the game
[18:48:25] [Server thread/INFO]: weitsungyu lost connection: Disconnected
[18:48:25] [Server thread/INFO]: weitsungyu left the game
[18:48:55] [Server thread/INFO]: Stopping the server
[18:48:55] [Server thread/INFO]: Stopping server
[18:48:55] [Server thread/INFO]: Saving players
[18:48:55] [Server thread/INFO]: Saving worlds
[18:48:55] [Server thread/INFO]: Saving chunks for level 'ServerLevel[world]'/minecraft:overworld
[18:48:56] [Server thread/INFO]: Saving chunks for level 'ServerLevel[world]'/minecraft:the_end
[18:48:56] [Server thread/INFO]: Saving chunks for level 'ServerLevel[world]'/minecraft:the_nether
[18:48:56] [Server thread/INFO]: ThreadedAnvilChunkStorage (world): All chunks are saved
[18:48:56] [Server thread/INFO]: ThreadedAnvilChunkStorage (DIM1): All chunks are saved
[18:48:56] [Server thread/INFO]: ThreadedAnvilChunkStorage (DIM-1): All chunks are saved
[18:48:56] [Server thread/INFO]: ThreadedAnvilChunkStorage: All dimensions are saved
